<?xml version="1.0" encoding="UTF-8"?>
<!-- Generated by org.testng.reporters.JUnitXMLReporter -->
<testsuite hostname="Radha-PC" ignored="2" name="Test" tests="1" failures="0" timestamp="02 Sep 2017 08:01:20 GMT" time="0.465" errors="0">
  <testcase name="testCaseThree" time="0.141" classname="testNGExamples.groupExamples"/>
  <testcase name="testCaseOne" time="0.0" classname="testNGExamples.groupExamples">
    <ignored/>
  </testcase> <!-- testCaseOne -->
  <testcase name="testCaseFour" time="0.0" classname="testNGExamples.groupExamples">
    <ignored/>
  </testcase> <!-- testCaseFour -->
</testsuite> <!-- Test -->
